<?xml version="1.0" encoding="UTF-8"?>
<!-- Generated by org.testng.reporters.JUnitXMLReporter -->
<testsuite hostname="Jhoshnasree" ignored="0" name="Default test" tests="4" failures="0" timestamp="31 Aug 2020 07:20:57 GMT" time="5.083" errors="0">
  <testcase name="verifyAllUsers" time="4.624" classname="com.bptest.api.tests.BptestApiTestCases"/>
  <testcase name="verifygetAllCityUsers" time="0.128" classname="com.bptest.api.tests.BptestApiTestCases"/>
  <testcase name="verifygetInstrctions" time="0.127" classname="com.bptest.api.tests.BptestApiTestCases"/>
  <testcase name="verifygetUserId" time="0.156" classname="com.bptest.api.tests.BptestApiTestCases"/>
</testsuite> <!-- Default test -->
