<?xml version="1.0" encoding="UTF-8"?>
<!-- Generated by org.testng.reporters.JUnitXMLReporter -->
<testsuite hostname="Jhoshnasree" ignored="0" name="Api_Test" tests="4" failures="0" timestamp="31 Aug 2020 06:41:26 GMT" time="5.852" errors="0">
  <testcase name="verifyAllUsers" time="5.387" classname="com.bptest.api.tests.BptestApiTestCases"/>
  <testcase name="verifygetAllCityUsers" time="0.137" classname="com.bptest.api.tests.BptestApiTestCases"/>
  <testcase name="verifygetInstrctions" time="0.116" classname="com.bptest.api.tests.BptestApiTestCases"/>
  <testcase name="verifygetUserId" time="0.17" classname="com.bptest.api.tests.BptestApiTestCases"/>
</testsuite> <!-- Api_Test -->
