<?xml version="1.0" encoding="UTF-8"?>
<testng-results skipped="0" failed="0" ignored="0" total="4" passed="4">
  <reporter-output>
  </reporter-output>
  <suite name="Default suite" duration-ms="5083" started-at="2020-08-31T07:20:52Z" finished-at="2020-08-31T07:20:57Z">
    <groups>
    </groups>
    <test name="Default test" duration-ms="5083" started-at="2020-08-31T07:20:52Z" finished-at="2020-08-31T07:20:57Z">
      <class name="com.bptest.api.tests.BptestApiTestCases">
        <test-method status="PASS" signature="verifyAllUsers()[pri:0, instance:com.bptest.api.tests.BptestApiTestCases@4b9e13df]" name="verifyAllUsers" duration-ms="4624" started-at="2020-08-31T07:20:52Z" finished-at="2020-08-31T07:20:57Z">
          <reporter-output>
          </reporter-output>
        </test-method> <!-- verifyAllUsers -->
        <test-method status="PASS" signature="verifygetAllCityUsers()[pri:0, instance:com.bptest.api.tests.BptestApiTestCases@4b9e13df]" name="verifygetAllCityUsers" duration-ms="128" started-at="2020-08-31T07:20:57Z" finished-at="2020-08-31T07:20:57Z">
          <reporter-output>
          </reporter-output>
        </test-method> <!-- verifygetAllCityUsers -->
        <test-method status="PASS" signature="verifygetInstrctions()[pri:0, instance:com.bptest.api.tests.BptestApiTestCases@4b9e13df]" name="verifygetInstrctions" duration-ms="127" started-at="2020-08-31T07:20:57Z" finished-at="2020-08-31T07:20:57Z">
          <reporter-output>
          </reporter-output>
        </test-method> <!-- verifygetInstrctions -->
        <test-method status="PASS" signature="verifygetUserId()[pri:0, instance:com.bptest.api.tests.BptestApiTestCases@4b9e13df]" name="verifygetUserId" duration-ms="156" started-at="2020-08-31T07:20:57Z" finished-at="2020-08-31T07:20:57Z">
          <reporter-output>
          </reporter-output>
        </test-method> <!-- verifygetUserId -->
      </class> <!-- com.bptest.api.tests.BptestApiTestCases -->
    </test> <!-- Default test -->
  </suite> <!-- Default suite -->
</testng-results>
